{"numFailedTestSuites":53,"numFailedTests":0,"numPassedTestSuites":2,"numPassedTests":3,"numPendingTestSuites":0,"numPendingTests":0,"numRuntimeErrorTestSuites":53,"numTodoTests":0,"numTotalTestSuites":55,"numTotalTests":3,"openHandles":[],"snapshot":{"added":0,"didUpdate":false,"failure":false,"filesAdded":0,"filesRemoved":0,"filesRemovedList":[],"filesUnmatched":0,"filesUpdated":0,"matched":0,"total":0,"unchecked":0,"uncheckedKeysByFile":[],"unmatched":0,"updated":0},"startTime":1768280613227,"success":false,"testResults":[{"assertionResults":[],"coverage":{},"endTime":1768280633563,"message":"  ● Test suite failed to run\n\n    Jest encountered an unexpected token\n\n    Jest failed to parse a file. This happens e.g. when your code or its dependencies use non-standard JavaScript syntax, or when Jest is not configured to support such syntax.\n\n    Out of the box Jest supports Babel, which will be used to transform your files into valid JS based on your Babel configuration.\n\n    By default \"node_modules\" folder is ignored by transformers.\n\n    Here's what you can do:\n     • If you are trying to use ECMAScript Modules, see https://jestjs.io/docs/ecmascript-modules for how to enable it.\n     • If you are trying to use TypeScript, see https://jestjs.io/docs/getting-started#using-typescript\n     • To have some of your \"node_modules\" files transformed, you can specify a custom \"transformIgnorePatterns\" in your config.\n     • If you need a custom transformation specify a \"transform\" option in your config.\n     • If you simply want to mock your non-JS modules (e.g. binary assets) you can stub them out with the \"moduleNameMapper\" config option.\n\n    You'll find more details and examples of these config options in the docs:\n    https://jestjs.io/docs/configuration\n    For information about custom transformations, see:\n    https://jestjs.io/docs/code-transformation\n\n    Details:\n\n    /home/chris/dev/dev-cloud-sync/apps/rclone-webui/src/views/Base/BackendStatusCard/BackendStatusCard.test.js:1\n    ({\"Object.<anonymous>\":function(module,exports,require,__dirname,__filename,jest){import React from \"react\";\n                                                                                      ^^^^^^\n\n    SyntaxError: Cannot use import statement outside a module\n\n      at Runtime.createScriptFromCode (node_modules/jest-runtime/build/index.js:1505:14)\n","name":"/home/chris/dev/dev-cloud-sync/apps/rclone-webui/src/views/Base/BackendStatusCard/BackendStatusCard.test.js","startTime":1768280633563,"status":"failed","summary":""},{"assertionResults":[],"coverage":{},"endTime":1768280633563,"message":"  ● Test suite failed to run\n\n    Jest encountered an unexpected token\n\n    Jest failed to parse a file. This happens e.g. when your code or its dependencies use non-standard JavaScript syntax, or when Jest is not configured to support such syntax.\n\n    Out of the box Jest supports Babel, which will be used to transform your files into valid JS based on your Babel configuration.\n\n    By default \"node_modules\" folder is ignored by transformers.\n\n    Here's what you can do:\n     • If you are trying to use ECMAScript Modules, see https://jestjs.io/docs/ecmascript-modules for how to enable it.\n     • If you are trying to use TypeScript, see https://jestjs.io/docs/getting-started#using-typescript\n     • To have some of your \"node_modules\" files transformed, you can specify a custom \"transformIgnorePatterns\" in your config.\n     • If you need a custom transformation specify a \"transform\" option in your config.\n     • If you simply want to mock your non-JS modules (e.g. binary assets) you can stub them out with the \"moduleNameMapper\" config option.\n\n    You'll find more details and examples of these config options in the docs:\n    https://jestjs.io/docs/configuration\n    For information about custom transformations, see:\n    https://jestjs.io/docs/code-transformation\n\n    Details:\n\n    /home/chris/dev/dev-cloud-sync/apps/rclone-webui/src/utils/classes/BackStack.test.js:1\n    ({\"Object.<anonymous>\":function(module,exports,require,__dirname,__filename,jest){import BackStack from \"./BackStack\";\n                                                                                      ^^^^^^\n\n    SyntaxError: Cannot use import statement outside a module\n\n      at Runtime.createScriptFromCode (node_modules/jest-runtime/build/index.js:1505:14)\n","name":"/home/chris/dev/dev-cloud-sync/apps/rclone-webui/src/utils/classes/BackStack.test.js","startTime":1768280633563,"status":"failed","summary":""},{"assertionResults":[],"coverage":{},"endTime":1768280633563,"message":"  ● Test suite failed to run\n\n    Jest encountered an unexpected token\n\n    Jest failed to parse a file. This happens e.g. when your code or its dependencies use non-standard JavaScript syntax, or when Jest is not configured to support such syntax.\n\n    Out of the box Jest supports Babel, which will be used to transform your files into valid JS based on your Babel configuration.\n\n    By default \"node_modules\" folder is ignored by transformers.\n\n    Here's what you can do:\n     • If you are trying to use ECMAScript Modules, see https://jestjs.io/docs/ecmascript-modules for how to enable it.\n     • If you are trying to use TypeScript, see https://jestjs.io/docs/getting-started#using-typescript\n     • To have some of your \"node_modules\" files transformed, you can specify a custom \"transformIgnorePatterns\" in your config.\n     • If you need a custom transformation specify a \"transform\" option in your config.\n     • If you simply want to mock your non-JS modules (e.g. binary assets) you can stub them out with the \"moduleNameMapper\" config option.\n\n    You'll find more details and examples of these config options in the docs:\n    https://jestjs.io/docs/configuration\n    For information about custom transformations, see:\n    https://jestjs.io/docs/code-transformation\n\n    Details:\n\n    /home/chris/dev/dev-cloud-sync/apps/rclone-webui/src/views/Explorer/FilesView/FilesComponent.test.js:1\n    ({\"Object.<anonymous>\":function(module,exports,require,__dirname,__filename,jest){import React from \"react\";\n                                                                                      ^^^^^^\n\n    SyntaxError: Cannot use import statement outside a module\n\n      at Runtime.createScriptFromCode (node_modules/jest-runtime/build/index.js:1505:14)\n","name":"/home/chris/dev/dev-cloud-sync/apps/rclone-webui/src/views/Explorer/FilesView/FilesComponent.test.js","startTime":1768280633563,"status":"failed","summary":""},{"assertionResults":[],"coverage":{},"endTime":1768280633563,"message":"  ● Test suite failed to run\n\n    Jest encountered an unexpected token\n\n    Jest failed to parse a file. This happens e.g. when your code or its dependencies use non-standard JavaScript syntax, or when Jest is not configured to support such syntax.\n\n    Out of the box Jest supports Babel, which will be used to transform your files into valid JS based on your Babel configuration.\n\n    By default \"node_modules\" folder is ignored by transformers.\n\n    Here's what you can do:\n     • If you are trying to use ECMAScript Modules, see https://jestjs.io/docs/ecmascript-modules for how to enable it.\n     • If you are trying to use TypeScript, see https://jestjs.io/docs/getting-started#using-typescript\n     • To have some of your \"node_modules\" files transformed, you can specify a custom \"transformIgnorePatterns\" in your config.\n     • If you need a custom transformation specify a \"transform\" option in your config.\n     • If you simply want to mock your non-JS modules (e.g. binary assets) you can stub them out with the \"moduleNameMapper\" config option.\n\n    You'll find more details and examples of these config options in the docs:\n    https://jestjs.io/docs/configuration\n    For information about custom transformations, see:\n    https://jestjs.io/docs/code-transformation\n\n    Details:\n\n    /home/chris/dev/dev-cloud-sync/apps/rclone-webui/src/reducers/explorerReducer.test.js:1\n    ({\"Object.<anonymous>\":function(module,exports,require,__dirname,__filename,jest){import explorerReducer from \"./explorerReducer\";\n                                                                                      ^^^^^^\n\n    SyntaxError: Cannot use import statement outside a module\n\n      at Runtime.createScriptFromCode (node_modules/jest-runtime/build/index.js:1505:14)\n","name":"/home/chris/dev/dev-cloud-sync/apps/rclone-webui/src/reducers/explorerReducer.test.js","startTime":1768280633563,"status":"failed","summary":""},{"assertionResults":[],"coverage":{},"endTime":1768280633563,"message":"  ● Test suite failed to run\n\n    Jest encountered an unexpected token\n\n    Jest failed to parse a file. This happens e.g. when your code or its dependencies use non-standard JavaScript syntax, or when Jest is not configured to support such syntax.\n\n    Out of the box Jest supports Babel, which will be used to transform your files into valid JS based on your Babel configuration.\n\n    By default \"node_modules\" folder is ignored by transformers.\n\n    Here's what you can do:\n     • If you are trying to use ECMAScript Modules, see https://jestjs.io/docs/ecmascript-modules for how to enable it.\n     • If you are trying to use TypeScript, see https://jestjs.io/docs/getting-started#using-typescript\n     • To have some of your \"node_modules\" files transformed, you can specify a custom \"transformIgnorePatterns\" in your config.\n     • If you need a custom transformation specify a \"transform\" option in your config.\n     • If you simply want to mock your non-JS modules (e.g. binary assets) you can stub them out with the \"moduleNameMapper\" config option.\n\n    You'll find more details and examples of these config options in the docs:\n    https://jestjs.io/docs/configuration\n    For information about custom transformations, see:\n    https://jestjs.io/docs/code-transformation\n\n    Details:\n\n    /home/chris/dev/dev-cloud-sync/apps/rclone-webui/src/utils/classes/Stack.test.js:1\n    ({\"Object.<anonymous>\":function(module,exports,require,__dirname,__filename,jest){import Stack from \"./Stack\";\n                                                                                      ^^^^^^\n\n    SyntaxError: Cannot use import statement outside a module\n\n      at Runtime.createScriptFromCode (node_modules/jest-runtime/build/index.js:1505:14)\n","name":"/home/chris/dev/dev-cloud-sync/apps/rclone-webui/src/utils/classes/Stack.test.js","startTime":1768280633563,"status":"failed","summary":""},{"assertionResults":[],"coverage":{},"endTime":1768280633563,"message":"  ● Test suite failed to run\n\n    Jest encountered an unexpected token\n\n    Jest failed to parse a file. This happens e.g. when your code or its dependencies use non-standard JavaScript syntax, or when Jest is not configured to support such syntax.\n\n    Out of the box Jest supports Babel, which will be used to transform your files into valid JS based on your Babel configuration.\n\n    By default \"node_modules\" folder is ignored by transformers.\n\n    Here's what you can do:\n     • If you are trying to use ECMAScript Modules, see https://jestjs.io/docs/ecmascript-modules for how to enable it.\n     • If you are trying to use TypeScript, see https://jestjs.io/docs/getting-started#using-typescript\n     • To have some of your \"node_modules\" files transformed, you can specify a custom \"transformIgnorePatterns\" in your config.\n     • If you need a custom transformation specify a \"transform\" option in your config.\n     • If you simply want to mock your non-JS modules (e.g. binary assets) you can stub them out with the \"moduleNameMapper\" config option.\n\n    You'll find more details and examples of these config options in the docs:\n    https://jestjs.io/docs/configuration\n    For information about custom transformations, see:\n    https://jestjs.io/docs/code-transformation\n\n    Details:\n\n    /home/chris/dev/dev-cloud-sync/apps/rclone-webui/src/utils/Tools.test.js:1\n    ({\"Object.<anonymous>\":function(module,exports,require,__dirname,__filename,jest){import {baseValidator, bytesToMB, formatBytes, isEmpty, secondsToStr, validateInt, validateSizeSuffix} from './Tools';\n                                                                                      ^^^^^^\n\n    SyntaxError: Cannot use import statement outside a module\n\n      at Runtime.createScriptFromCode (node_modules/jest-runtime/build/index.js:1505:14)\n","name":"/home/chris/dev/dev-cloud-sync/apps/rclone-webui/src/utils/Tools.test.js","startTime":1768280633563,"status":"failed","summary":""},{"assertionResults":[],"coverage":{},"endTime":1768280633563,"message":"  ● Test suite failed to run\n\n    Jest encountered an unexpected token\n\n    Jest failed to parse a file. This happens e.g. when your code or its dependencies use non-standard JavaScript syntax, or when Jest is not configured to support such syntax.\n\n    Out of the box Jest supports Babel, which will be used to transform your files into valid JS based on your Babel configuration.\n\n    By default \"node_modules\" folder is ignored by transformers.\n\n    Here's what you can do:\n     • If you are trying to use ECMAScript Modules, see https://jestjs.io/docs/ecmascript-modules for how to enable it.\n     • If you are trying to use TypeScript, see https://jestjs.io/docs/getting-started#using-typescript\n     • To have some of your \"node_modules\" files transformed, you can specify a custom \"transformIgnorePatterns\" in your config.\n     • If you need a custom transformation specify a \"transform\" option in your config.\n     • If you simply want to mock your non-JS modules (e.g. binary assets) you can stub them out with the \"moduleNameMapper\" config option.\n\n    You'll find more details and examples of these config options in the docs:\n    https://jestjs.io/docs/configuration\n    For information about custom transformations, see:\n    https://jestjs.io/docs/code-transformation\n\n    Details:\n\n    /home/chris/dev/dev-cloud-sync/apps/rclone-webui/src/reducers/configReducer.test.js:1\n    ({\"Object.<anonymous>\":function(module,exports,require,__dirname,__filename,jest){import configReducer from \"./configReducer\";\n                                                                                      ^^^^^^\n\n    SyntaxError: Cannot use import statement outside a module\n\n      at Runtime.createScriptFromCode (node_modules/jest-runtime/build/index.js:1505:14)\n","name":"/home/chris/dev/dev-cloud-sync/apps/rclone-webui/src/reducers/configReducer.test.js","startTime":1768280633563,"status":"failed","summary":""},{"assertionResults":[],"coverage":{},"endTime":1768280633563,"message":"  ● Test suite failed to run\n\n    Jest encountered an unexpected token\n\n    Jest failed to parse a file. This happens e.g. when your code or its dependencies use non-standard JavaScript syntax, or when Jest is not configured to support such syntax.\n\n    Out of the box Jest supports Babel, which will be used to transform your files into valid JS based on your Babel configuration.\n\n    By default \"node_modules\" folder is ignored by transformers.\n\n    Here's what you can do:\n     • If you are trying to use ECMAScript Modules, see https://jestjs.io/docs/ecmascript-modules for how to enable it.\n     • If you are trying to use TypeScript, see https://jestjs.io/docs/getting-started#using-typescript\n     • To have some of your \"node_modules\" files transformed, you can specify a custom \"transformIgnorePatterns\" in your config.\n     • If you need a custom transformation specify a \"transform\" option in your config.\n     • If you simply want to mock your non-JS modules (e.g. binary assets) you can stub them out with the \"moduleNameMapper\" config option.\n\n    You'll find more details and examples of these config options in the docs:\n    https://jestjs.io/docs/configuration\n    For information about custom transformations, see:\n    https://jestjs.io/docs/code-transformation\n\n    Details:\n\n    /home/chris/dev/dev-cloud-sync/apps/rclone-webui/src/views/Base/Widgets/ImageLoader/ImageLoader.test.js:1\n    ({\"Object.<anonymous>\":function(module,exports,require,__dirname,__filename,jest){import React from \"react\";\n                                                                                      ^^^^^^\n\n    SyntaxError: Cannot use import statement outside a module\n\n      at Runtime.createScriptFromCode (node_modules/jest-runtime/build/index.js:1505:14)\n","name":"/home/chris/dev/dev-cloud-sync/apps/rclone-webui/src/views/Base/Widgets/ImageLoader/ImageLoader.test.js","startTime":1768280633563,"status":"failed","summary":""},{"assertionResults":[],"coverage":{},"endTime":1768280633563,"message":"  ● Test suite failed to run\n\n    Jest encountered an unexpected token\n\n    Jest failed to parse a file. This happens e.g. when your code or its dependencies use non-standard JavaScript syntax, or when Jest is not configured to support such syntax.\n\n    Out of the box Jest supports Babel, which will be used to transform your files into valid JS based on your Babel configuration.\n\n    By default \"node_modules\" folder is ignored by transformers.\n\n    Here's what you can do:\n     • If you are trying to use ECMAScript Modules, see https://jestjs.io/docs/ecmascript-modules for how to enable it.\n     • If you are trying to use TypeScript, see https://jestjs.io/docs/getting-started#using-typescript\n     • To have some of your \"node_modules\" files transformed, you can specify a custom \"transformIgnorePatterns\" in your config.\n     • If you need a custom transformation specify a \"transform\" option in your config.\n     • If you simply want to mock your non-JS modules (e.g. binary assets) you can stub them out with the \"moduleNameMapper\" config option.\n\n    You'll find more details and examples of these config options in the docs:\n    https://jestjs.io/docs/configuration\n    For information about custom transformations, see:\n    https://jestjs.io/docs/code-transformation\n\n    Details:\n\n    /home/chris/dev/dev-cloud-sync/apps/rclone-webui/src/views/Explorer/RemoteExplorerLayout/RemoteExplorerLayout.test.js:1\n    ({\"Object.<anonymous>\":function(module,exports,require,__dirname,__filename,jest){import React from \"react\";\n                                                                                      ^^^^^^\n\n    SyntaxError: Cannot use import statement outside a module\n\n      at Runtime.createScriptFromCode (node_modules/jest-runtime/build/index.js:1505:14)\n","name":"/home/chris/dev/dev-cloud-sync/apps/rclone-webui/src/views/Explorer/RemoteExplorerLayout/RemoteExplorerLayout.test.js","startTime":1768280633563,"status":"failed","summary":""},{"assertionResults":[],"coverage":{},"endTime":1768280633563,"message":"  ● Test suite failed to run\n\n    Jest encountered an unexpected token\n\n    Jest failed to parse a file. This happens e.g. when your code or its dependencies use non-standard JavaScript syntax, or when Jest is not configured to support such syntax.\n\n    Out of the box Jest supports Babel, which will be used to transform your files into valid JS based on your Babel configuration.\n\n    By default \"node_modules\" folder is ignored by transformers.\n\n    Here's what you can do:\n     • If you are trying to use ECMAScript Modules, see https://jestjs.io/docs/ecmascript-modules for how to enable it.\n     • If you are trying to use TypeScript, see https://jestjs.io/docs/getting-started#using-typescript\n     • To have some of your \"node_modules\" files transformed, you can specify a custom \"transformIgnorePatterns\" in your config.\n     • If you need a custom transformation specify a \"transform\" option in your config.\n     • If you simply want to mock your non-JS modules (e.g. binary assets) you can stub them out with the \"moduleNameMapper\" config option.\n\n    You'll find more details and examples of these config options in the docs:\n    https://jestjs.io/docs/configuration\n    For information about custom transformations, see:\n    https://jestjs.io/docs/code-transformation\n\n    Details:\n\n    /home/chris/dev/dev-cloud-sync/apps/rclone-webui/src/views/MountDashboard/NewMountModal.test.js:1\n    ({\"Object.<anonymous>\":function(module,exports,require,__dirname,__filename,jest){import React from \"react\";\n                                                                                      ^^^^^^\n\n    SyntaxError: Cannot use import statement outside a module\n\n      at Runtime.createScriptFromCode (node_modules/jest-runtime/build/index.js:1505:14)\n","name":"/home/chris/dev/dev-cloud-sync/apps/rclone-webui/src/views/MountDashboard/NewMountModal.test.js","startTime":1768280633563,"status":"failed","summary":""},{"assertionResults":[],"coverage":{},"endTime":1768280633563,"message":"  ● Test suite failed to run\n\n    Jest encountered an unexpected token\n\n    Jest failed to parse a file. This happens e.g. when your code or its dependencies use non-standard JavaScript syntax, or when Jest is not configured to support such syntax.\n\n    Out of the box Jest supports Babel, which will be used to transform your files into valid JS based on your Babel configuration.\n\n    By default \"node_modules\" folder is ignored by transformers.\n\n    Here's what you can do:\n     • If you are trying to use ECMAScript Modules, see https://jestjs.io/docs/ecmascript-modules for how to enable it.\n     • If you are trying to use TypeScript, see https://jestjs.io/docs/getting-started#using-typescript\n     • To have some of your \"node_modules\" files transformed, you can specify a custom \"transformIgnorePatterns\" in your config.\n     • If you need a custom transformation specify a \"transform\" option in your config.\n     • If you simply want to mock your non-JS modules (e.g. binary assets) you can stub them out with the \"moduleNameMapper\" config option.\n\n    You'll find more details and examples of these config options in the docs:\n    https://jestjs.io/docs/configuration\n    For information about custom transformations, see:\n    https://jestjs.io/docs/code-transformation\n\n    Details:\n\n    /home/chris/dev/dev-cloud-sync/apps/rclone-webui/src/views/Explorer/FilesView/FileActions.test.js:1\n    ({\"Object.<anonymous>\":function(module,exports,require,__dirname,__filename,jest){import React from \"react\";\n                                                                                      ^^^^^^\n\n    SyntaxError: Cannot use import statement outside a module\n\n      at Runtime.createScriptFromCode (node_modules/jest-runtime/build/index.js:1505:14)\n","name":"/home/chris/dev/dev-cloud-sync/apps/rclone-webui/src/views/Explorer/FilesView/FileActions.test.js","startTime":1768280633563,"status":"failed","summary":""},{"assertionResults":[],"coverage":{},"endTime":1768280633563,"message":"  ● Test suite failed to run\n\n    Jest encountered an unexpected token\n\n    Jest failed to parse a file. This happens e.g. when your code or its dependencies use non-standard JavaScript syntax, or when Jest is not configured to support such syntax.\n\n    Out of the box Jest supports Babel, which will be used to transform your files into valid JS based on your Babel configuration.\n\n    By default \"node_modules\" folder is ignored by transformers.\n\n    Here's what you can do:\n     • If you are trying to use ECMAScript Modules, see https://jestjs.io/docs/ecmascript-modules for how to enable it.\n     • If you are trying to use TypeScript, see https://jestjs.io/docs/getting-started#using-typescript\n     • To have some of your \"node_modules\" files transformed, you can specify a custom \"transformIgnorePatterns\" in your config.\n     • If you need a custom transformation specify a \"transform\" option in your config.\n     • If you simply want to mock your non-JS modules (e.g. binary assets) you can stub them out with the \"moduleNameMapper\" config option.\n\n    You'll find more details and examples of these config options in the docs:\n    https://jestjs.io/docs/configuration\n    For information about custom transformations, see:\n    https://jestjs.io/docs/code-transformation\n\n    Details:\n\n    /home/chris/dev/dev-cloud-sync/apps/rclone-webui/src/__tests__/IntegrationTests.test.js:1\n    ({\"Object.<anonymous>\":function(module,exports,require,__dirname,__filename,jest){import {mount} from \"enzyme\";\n                                                                                      ^^^^^^\n\n    SyntaxError: Cannot use import statement outside a module\n\n      at Runtime.createScriptFromCode (node_modules/jest-runtime/build/index.js:1505:14)\n","name":"/home/chris/dev/dev-cloud-sync/apps/rclone-webui/src/__tests__/IntegrationTests.test.js","startTime":1768280633563,"status":"failed","summary":""},{"assertionResults":[],"coverage":{},"endTime":1768280633563,"message":"  ● Test suite failed to run\n\n    Jest encountered an unexpected token\n\n    Jest failed to parse a file. This happens e.g. when your code or its dependencies use non-standard JavaScript syntax, or when Jest is not configured to support such syntax.\n\n    Out of the box Jest supports Babel, which will be used to transform your files into valid JS based on your Babel configuration.\n\n    By default \"node_modules\" folder is ignored by transformers.\n\n    Here's what you can do:\n     • If you are trying to use ECMAScript Modules, see https://jestjs.io/docs/ecmascript-modules for how to enable it.\n     • If you are trying to use TypeScript, see https://jestjs.io/docs/getting-started#using-typescript\n     • To have some of your \"node_modules\" files transformed, you can specify a custom \"transformIgnorePatterns\" in your config.\n     • If you need a custom transformation specify a \"transform\" option in your config.\n     • If you simply want to mock your non-JS modules (e.g. binary assets) you can stub them out with the \"moduleNameMapper\" config option.\n\n    You'll find more details and examples of these config options in the docs:\n    https://jestjs.io/docs/configuration\n    For information about custom transformations, see:\n    https://jestjs.io/docs/code-transformation\n\n    Details:\n\n    /home/chris/dev/dev-cloud-sync/apps/rclone-webui/src/views/RemoteManagement/ShowConfig/ConfigRow.test.js:1\n    ({\"Object.<anonymous>\":function(module,exports,require,__dirname,__filename,jest){import React from \"react\";\n                                                                                      ^^^^^^\n\n    SyntaxError: Cannot use import statement outside a module\n\n      at Runtime.createScriptFromCode (node_modules/jest-runtime/build/index.js:1505:14)\n","name":"/home/chris/dev/dev-cloud-sync/apps/rclone-webui/src/views/RemoteManagement/ShowConfig/ConfigRow.test.js","startTime":1768280633563,"status":"failed","summary":""},{"assertionResults":[],"coverage":{},"endTime":1768280633563,"message":"  ● Test suite failed to run\n\n    Jest encountered an unexpected token\n\n    Jest failed to parse a file. This happens e.g. when your code or its dependencies use non-standard JavaScript syntax, or when Jest is not configured to support such syntax.\n\n    Out of the box Jest supports Babel, which will be used to transform your files into valid JS based on your Babel configuration.\n\n    By default \"node_modules\" folder is ignored by transformers.\n\n    Here's what you can do:\n     • If you are trying to use ECMAScript Modules, see https://jestjs.io/docs/ecmascript-modules for how to enable it.\n     • If you are trying to use TypeScript, see https://jestjs.io/docs/getting-started#using-typescript\n     • To have some of your \"node_modules\" files transformed, you can specify a custom \"transformIgnorePatterns\" in your config.\n     • If you need a custom transformation specify a \"transform\" option in your config.\n     • If you simply want to mock your non-JS modules (e.g. binary assets) you can stub them out with the \"moduleNameMapper\" config option.\n\n    You'll find more details and examples of these config options in the docs:\n    https://jestjs.io/docs/configuration\n    For information about custom transformations, see:\n    https://jestjs.io/docs/code-transformation\n\n    Details:\n\n    /home/chris/dev/dev-cloud-sync/apps/rclone-webui/src/utils/StateLoader.test.js:1\n    ({\"Object.<anonymous>\":function(module,exports,require,__dirname,__filename,jest){import {testStore} from \"../../Utils\";\n                                                                                      ^^^^^^\n\n    SyntaxError: Cannot use import statement outside a module\n\n      at Runtime.createScriptFromCode (node_modules/jest-runtime/build/index.js:1505:14)\n","name":"/home/chris/dev/dev-cloud-sync/apps/rclone-webui/src/utils/StateLoader.test.js","startTime":1768280633563,"status":"failed","summary":""},{"assertionResults":[],"coverage":{},"endTime":1768280633563,"message":"  ● Test suite failed to run\n\n    Jest encountered an unexpected token\n\n    Jest failed to parse a file. This happens e.g. when your code or its dependencies use non-standard JavaScript syntax, or when Jest is not configured to support such syntax.\n\n    Out of the box Jest supports Babel, which will be used to transform your files into valid JS based on your Babel configuration.\n\n    By default \"node_modules\" folder is ignored by transformers.\n\n    Here's what you can do:\n     • If you are trying to use ECMAScript Modules, see https://jestjs.io/docs/ecmascript-modules for how to enable it.\n     • If you are trying to use TypeScript, see https://jestjs.io/docs/getting-started#using-typescript\n     • To have some of your \"node_modules\" files transformed, you can specify a custom \"transformIgnorePatterns\" in your config.\n     • If you need a custom transformation specify a \"transform\" option in your config.\n     • If you simply want to mock your non-JS modules (e.g. binary assets) you can stub them out with the \"moduleNameMapper\" config option.\n\n    You'll find more details and examples of these config options in the docs:\n    https://jestjs.io/docs/configuration\n    For information about custom transformations, see:\n    https://jestjs.io/docs/code-transformation\n\n    Details:\n\n    /home/chris/dev/dev-cloud-sync/apps/rclone-webui/src/views/Base/NewFolder/NewFolder.test.js:1\n    ({\"Object.<anonymous>\":function(module,exports,require,__dirname,__filename,jest){import React from \"react\";\n                                                                                      ^^^^^^\n\n    SyntaxError: Cannot use import statement outside a module\n\n      at Runtime.createScriptFromCode (node_modules/jest-runtime/build/index.js:1505:14)\n","name":"/home/chris/dev/dev-cloud-sync/apps/rclone-webui/src/views/Base/NewFolder/NewFolder.test.js","startTime":1768280633563,"status":"failed","summary":""},{"assertionResults":[],"coverage":{},"endTime":1768280633563,"message":"  ● Test suite failed to run\n\n    Jest encountered an unexpected token\n\n    Jest failed to parse a file. This happens e.g. when your code or its dependencies use non-standard JavaScript syntax, or when Jest is not configured to support such syntax.\n\n    Out of the box Jest supports Babel, which will be used to transform your files into valid JS based on your Babel configuration.\n\n    By default \"node_modules\" folder is ignored by transformers.\n\n    Here's what you can do:\n     • If you are trying to use ECMAScript Modules, see https://jestjs.io/docs/ecmascript-modules for how to enable it.\n     • If you are trying to use TypeScript, see https://jestjs.io/docs/getting-started#using-typescript\n     • To have some of your \"node_modules\" files transformed, you can specify a custom \"transformIgnorePatterns\" in your config.\n     • If you need a custom transformation specify a \"transform\" option in your config.\n     • If you simply want to mock your non-JS modules (e.g. binary assets) you can stub them out with the \"moduleNameMapper\" config option.\n\n    You'll find more details and examples of these config options in the docs:\n    https://jestjs.io/docs/configuration\n    For information about custom transformations, see:\n    https://jestjs.io/docs/code-transformation\n\n    Details:\n\n    /home/chris/dev/dev-cloud-sync/apps/rclone-webui/src/views/Explorer/FilesView/FilesView.test.js:1\n    ({\"Object.<anonymous>\":function(module,exports,require,__dirname,__filename,jest){import React from \"react\";\n                                                                                      ^^^^^^\n\n    SyntaxError: Cannot use import statement outside a module\n\n      at Runtime.createScriptFromCode (node_modules/jest-runtime/build/index.js:1505:14)\n","name":"/home/chris/dev/dev-cloud-sync/apps/rclone-webui/src/views/Explorer/FilesView/FilesView.test.js","startTime":1768280633563,"status":"failed","summary":""},{"assertionResults":[],"coverage":{},"endTime":1768280633563,"message":"  ● Test suite failed to run\n\n    Jest encountered an unexpected token\n\n    Jest failed to parse a file. This happens e.g. when your code or its dependencies use non-standard JavaScript syntax, or when Jest is not configured to support such syntax.\n\n    Out of the box Jest supports Babel, which will be used to transform your files into valid JS based on your Babel configuration.\n\n    By default \"node_modules\" folder is ignored by transformers.\n\n    Here's what you can do:\n     • If you are trying to use ECMAScript Modules, see https://jestjs.io/docs/ecmascript-modules for how to enable it.\n     • If you are trying to use TypeScript, see https://jestjs.io/docs/getting-started#using-typescript\n     • To have some of your \"node_modules\" files transformed, you can specify a custom \"transformIgnorePatterns\" in your config.\n     • If you need a custom transformation specify a \"transform\" option in your config.\n     • If you simply want to mock your non-JS modules (e.g. binary assets) you can stub them out with the \"moduleNameMapper\" config option.\n\n    You'll find more details and examples of these config options in the docs:\n    https://jestjs.io/docs/configuration\n    For information about custom transformations, see:\n    https://jestjs.io/docs/code-transformation\n\n    Details:\n\n    /home/chris/dev/dev-cloud-sync/apps/rclone-webui/src/views/Base/FileOperations/FileUploadModal.test.js:1\n    ({\"Object.<anonymous>\":function(module,exports,require,__dirname,__filename,jest){import React from \"react\";\n                                                                                      ^^^^^^\n\n    SyntaxError: Cannot use import statement outside a module\n\n      at Runtime.createScriptFromCode (node_modules/jest-runtime/build/index.js:1505:14)\n","name":"/home/chris/dev/dev-cloud-sync/apps/rclone-webui/src/views/Base/FileOperations/FileUploadModal.test.js","startTime":1768280633563,"status":"failed","summary":""},{"assertionResults":[],"coverage":{},"endTime":1768280633563,"message":"  ● Test suite failed to run\n\n    Jest encountered an unexpected token\n\n    Jest failed to parse a file. This happens e.g. when your code or its dependencies use non-standard JavaScript syntax, or when Jest is not configured to support such syntax.\n\n    Out of the box Jest supports Babel, which will be used to transform your files into valid JS based on your Babel configuration.\n\n    By default \"node_modules\" folder is ignored by transformers.\n\n    Here's what you can do:\n     • If you are trying to use ECMAScript Modules, see https://jestjs.io/docs/ecmascript-modules for how to enable it.\n     • If you are trying to use TypeScript, see https://jestjs.io/docs/getting-started#using-typescript\n     • To have some of your \"node_modules\" files transformed, you can specify a custom \"transformIgnorePatterns\" in your config.\n     • If you need a custom transformation specify a \"transform\" option in your config.\n     • If you simply want to mock your non-JS modules (e.g. binary assets) you can stub them out with the \"moduleNameMapper\" config option.\n\n    You'll find more details and examples of these config options in the docs:\n    https://jestjs.io/docs/configuration\n    For information about custom transformations, see:\n    https://jestjs.io/docs/code-transformation\n\n    Details:\n\n    /home/chris/dev/dev-cloud-sync/apps/rclone-webui/src/containers/DefaultLayout/DefaultLayout.test.js:1\n    ({\"Object.<anonymous>\":function(module,exports,require,__dirname,__filename,jest){import React from \"react\";\n                                                                                      ^^^^^^\n\n    SyntaxError: Cannot use import statement outside a module\n\n      at Runtime.createScriptFromCode (node_modules/jest-runtime/build/index.js:1505:14)\n","name":"/home/chris/dev/dev-cloud-sync/apps/rclone-webui/src/containers/DefaultLayout/DefaultLayout.test.js","startTime":1768280633563,"status":"failed","summary":""},{"assertionResults":[],"coverage":{},"endTime":1768280633563,"message":"  ● Test suite failed to run\n\n    Jest encountered an unexpected token\n\n    Jest failed to parse a file. This happens e.g. when your code or its dependencies use non-standard JavaScript syntax, or when Jest is not configured to support such syntax.\n\n    Out of the box Jest supports Babel, which will be used to transform your files into valid JS based on your Babel configuration.\n\n    By default \"node_modules\" folder is ignored by transformers.\n\n    Here's what you can do:\n     • If you are trying to use ECMAScript Modules, see https://jestjs.io/docs/ecmascript-modules for how to enable it.\n     • If you are trying to use TypeScript, see https://jestjs.io/docs/getting-started#using-typescript\n     • To have some of your \"node_modules\" files transformed, you can specify a custom \"transformIgnorePatterns\" in your config.\n     • If you need a custom transformation specify a \"transform\" option in your config.\n     • If you simply want to mock your non-JS modules (e.g. binary assets) you can stub them out with the \"moduleNameMapper\" config option.\n\n    You'll find more details and examples of these config options in the docs:\n    https://jestjs.io/docs/configuration\n    For information about custom transformations, see:\n    https://jestjs.io/docs/code-transformation\n\n    Details:\n\n    /home/chris/dev/dev-cloud-sync/apps/rclone-webui/src/views/Explorer/RemoteExplorerLayout/TabbedPanes.test.js:1\n    ({\"Object.<anonymous>\":function(module,exports,require,__dirname,__filename,jest){import React from \"react\";\n                                                                                      ^^^^^^\n\n    SyntaxError: Cannot use import statement outside a module\n\n      at Runtime.createScriptFromCode (node_modules/jest-runtime/build/index.js:1505:14)\n","name":"/home/chris/dev/dev-cloud-sync/apps/rclone-webui/src/views/Explorer/RemoteExplorerLayout/TabbedPanes.test.js","startTime":1768280633563,"status":"failed","summary":""},{"assertionResults":[],"coverage":{},"endTime":1768280633563,"message":"  ● Test suite failed to run\n\n    Jest encountered an unexpected token\n\n    Jest failed to parse a file. This happens e.g. when your code or its dependencies use non-standard JavaScript syntax, or when Jest is not configured to support such syntax.\n\n    Out of the box Jest supports Babel, which will be used to transform your files into valid JS based on your Babel configuration.\n\n    By default \"node_modules\" folder is ignored by transformers.\n\n    Here's what you can do:\n     • If you are trying to use ECMAScript Modules, see https://jestjs.io/docs/ecmascript-modules for how to enable it.\n     • If you are trying to use TypeScript, see https://jestjs.io/docs/getting-started#using-typescript\n     • To have some of your \"node_modules\" files transformed, you can specify a custom \"transformIgnorePatterns\" in your config.\n     • If you need a custom transformation specify a \"transform\" option in your config.\n     • If you simply want to mock your non-JS modules (e.g. binary assets) you can stub them out with the \"moduleNameMapper\" config option.\n\n    You'll find more details and examples of these config options in the docs:\n    https://jestjs.io/docs/configuration\n    For information about custom transformations, see:\n    https://jestjs.io/docs/code-transformation\n\n    Details:\n\n    /home/chris/dev/dev-cloud-sync/apps/rclone-webui/src/App.test.js:1\n    ({\"Object.<anonymous>\":function(module,exports,require,__dirname,__filename,jest){import React from 'react';\n                                                                                      ^^^^^^\n\n    SyntaxError: Cannot use import statement outside a module\n\n      at Runtime.createScriptFromCode (node_modules/jest-runtime/build/index.js:1505:14)\n","name":"/home/chris/dev/dev-cloud-sync/apps/rclone-webui/src/App.test.js","startTime":1768280633563,"status":"failed","summary":""},{"assertionResults":[],"coverage":{},"endTime":1768280633563,"message":"  ● Test suite failed to run\n\n    Jest encountered an unexpected token\n\n    Jest failed to parse a file. This happens e.g. when your code or its dependencies use non-standard JavaScript syntax, or when Jest is not configured to support such syntax.\n\n    Out of the box Jest supports Babel, which will be used to transform your files into valid JS based on your Babel configuration.\n\n    By default \"node_modules\" folder is ignored by transformers.\n\n    Here's what you can do:\n     • If you are trying to use ECMAScript Modules, see https://jestjs.io/docs/ecmascript-modules for how to enable it.\n     • If you are trying to use TypeScript, see https://jestjs.io/docs/getting-started#using-typescript\n     • To have some of your \"node_modules\" files transformed, you can specify a custom \"transformIgnorePatterns\" in your config.\n     • If you need a custom transformation specify a \"transform\" option in your config.\n     • If you simply want to mock your non-JS modules (e.g. binary assets) you can stub them out with the \"moduleNameMapper\" config option.\n\n    You'll find more details and examples of these config options in the docs:\n    https://jestjs.io/docs/configuration\n    For information about custom transformations, see:\n    https://jestjs.io/docs/code-transformation\n\n    Details:\n\n    /home/chris/dev/dev-cloud-sync/apps/rclone-webui/src/views/Explorer/RemoteExplorer/RemoteExplorer.test.js:1\n    ({\"Object.<anonymous>\":function(module,exports,require,__dirname,__filename,jest){import React from \"react\";\n                                                                                      ^^^^^^\n\n    SyntaxError: Cannot use import statement outside a module\n\n      at Runtime.createScriptFromCode (node_modules/jest-runtime/build/index.js:1505:14)\n","name":"/home/chris/dev/dev-cloud-sync/apps/rclone-webui/src/views/Explorer/RemoteExplorer/RemoteExplorer.test.js","startTime":1768280633563,"status":"failed","summary":""},{"assertionResults":[],"coverage":{},"endTime":1768280633563,"message":"  ● Test suite failed to run\n\n    Jest encountered an unexpected token\n\n    Jest failed to parse a file. This happens e.g. when your code or its dependencies use non-standard JavaScript syntax, or when Jest is not configured to support such syntax.\n\n    Out of the box Jest supports Babel, which will be used to transform your files into valid JS based on your Babel configuration.\n\n    By default \"node_modules\" folder is ignored by transformers.\n\n    Here's what you can do:\n     • If you are trying to use ECMAScript Modules, see https://jestjs.io/docs/ecmascript-modules for how to enable it.\n     • If you are trying to use TypeScript, see https://jestjs.io/docs/getting-started#using-typescript\n     • To have some of your \"node_modules\" files transformed, you can specify a custom \"transformIgnorePatterns\" in your config.\n     • If you need a custom transformation specify a \"transform\" option in your config.\n     • If you simply want to mock your non-JS modules (e.g. binary assets) you can stub them out with the \"moduleNameMapper\" config option.\n\n    You'll find more details and examples of these config options in the docs:\n    https://jestjs.io/docs/configuration\n    For information about custom transformations, see:\n    https://jestjs.io/docs/code-transformation\n\n    Details:\n\n    /home/chris/dev/dev-cloud-sync/apps/rclone-webui/src/views/RemoteManagement/NewDrive/NewDrive.test.js:1\n    ({\"Object.<anonymous>\":function(module,exports,require,__dirname,__filename,jest){import React from \"react\";\n                                                                                      ^^^^^^\n\n    SyntaxError: Cannot use import statement outside a module\n\n      at Runtime.createScriptFromCode (node_modules/jest-runtime/build/index.js:1505:14)\n","name":"/home/chris/dev/dev-cloud-sync/apps/rclone-webui/src/views/RemoteManagement/NewDrive/NewDrive.test.js","startTime":1768280633563,"status":"failed","summary":""},{"assertionResults":[],"coverage":{},"endTime":1768280633563,"message":"  ● Test suite failed to run\n\n    Jest encountered an unexpected token\n\n    Jest failed to parse a file. This happens e.g. when your code or its dependencies use non-standard JavaScript syntax, or when Jest is not configured to support such syntax.\n\n    Out of the box Jest supports Babel, which will be used to transform your files into valid JS based on your Babel configuration.\n\n    By default \"node_modules\" folder is ignored by transformers.\n\n    Here's what you can do:\n     • If you are trying to use ECMAScript Modules, see https://jestjs.io/docs/ecmascript-modules for how to enable it.\n     • If you are trying to use TypeScript, see https://jestjs.io/docs/getting-started#using-typescript\n     • To have some of your \"node_modules\" files transformed, you can specify a custom \"transformIgnorePatterns\" in your config.\n     • If you need a custom transformation specify a \"transform\" option in your config.\n     • If you simply want to mock your non-JS modules (e.g. binary assets) you can stub them out with the \"moduleNameMapper\" config option.\n\n    You'll find more details and examples of these config options in the docs:\n    https://jestjs.io/docs/configuration\n    For information about custom transformations, see:\n    https://jestjs.io/docs/code-transformation\n\n    Details:\n\n    /home/chris/dev/dev-cloud-sync/apps/rclone-webui/src/views/Base/DropOverlay/DropOverlay.test.js:1\n    ({\"Object.<anonymous>\":function(module,exports,require,__dirname,__filename,jest){import React from \"react\";\n                                                                                      ^^^^^^\n\n    SyntaxError: Cannot use import statement outside a module\n\n      at Runtime.createScriptFromCode (node_modules/jest-runtime/build/index.js:1505:14)\n","name":"/home/chris/dev/dev-cloud-sync/apps/rclone-webui/src/views/Base/DropOverlay/DropOverlay.test.js","startTime":1768280633563,"status":"failed","summary":""},{"assertionResults":[],"coverage":{},"endTime":1768280633563,"message":"  ● Test suite failed to run\n\n    Jest encountered an unexpected token\n\n    Jest failed to parse a file. This happens e.g. when your code or its dependencies use non-standard JavaScript syntax, or when Jest is not configured to support such syntax.\n\n    Out of the box Jest supports Babel, which will be used to transform your files into valid JS based on your Babel configuration.\n\n    By default \"node_modules\" folder is ignored by transformers.\n\n    Here's what you can do:\n     • If you are trying to use ECMAScript Modules, see https://jestjs.io/docs/ecmascript-modules for how to enable it.\n     • If you are trying to use TypeScript, see https://jestjs.io/docs/getting-started#using-typescript\n     • To have some of your \"node_modules\" files transformed, you can specify a custom \"transformIgnorePatterns\" in your config.\n     • If you need a custom transformation specify a \"transform\" option in your config.\n     • If you simply want to mock your non-JS modules (e.g. binary assets) you can stub them out with the \"moduleNameMapper\" config option.\n\n    You'll find more details and examples of these config options in the docs:\n    https://jestjs.io/docs/configuration\n    For information about custom transformations, see:\n    https://jestjs.io/docs/code-transformation\n\n    Details:\n\n    /home/chris/dev/dev-cloud-sync/apps/rclone-webui/src/views/Pages/Login/Login.test.js:1\n    ({\"Object.<anonymous>\":function(module,exports,require,__dirname,__filename,jest){import React from \"react\";\n                                                                                      ^^^^^^\n\n    SyntaxError: Cannot use import statement outside a module\n\n      at Runtime.createScriptFromCode (node_modules/jest-runtime/build/index.js:1505:14)\n","name":"/home/chris/dev/dev-cloud-sync/apps/rclone-webui/src/views/Pages/Login/Login.test.js","startTime":1768280633563,"status":"failed","summary":""},{"assertionResults":[],"coverage":{},"endTime":1768280633563,"message":"  ● Test suite failed to run\n\n    Jest encountered an unexpected token\n\n    Jest failed to parse a file. This happens e.g. when your code or its dependencies use non-standard JavaScript syntax, or when Jest is not configured to support such syntax.\n\n    Out of the box Jest supports Babel, which will be used to transform your files into valid JS based on your Babel configuration.\n\n    By default \"node_modules\" folder is ignored by transformers.\n\n    Here's what you can do:\n     • If you are trying to use ECMAScript Modules, see https://jestjs.io/docs/ecmascript-modules for how to enable it.\n     • If you are trying to use TypeScript, see https://jestjs.io/docs/getting-started#using-typescript\n     • To have some of your \"node_modules\" files transformed, you can specify a custom \"transformIgnorePatterns\" in your config.\n     • If you need a custom transformation specify a \"transform\" option in your config.\n     • If you simply want to mock your non-JS modules (e.g. binary assets) you can stub them out with the \"moduleNameMapper\" config option.\n\n    You'll find more details and examples of these config options in the docs:\n    https://jestjs.io/docs/configuration\n    For information about custom transformations, see:\n    https://jestjs.io/docs/code-transformation\n\n    Details:\n\n    /home/chris/dev/dev-cloud-sync/apps/rclone-webui/src/views/RemoteManagement/ShowConfig/ShowConfig.test.js:1\n    ({\"Object.<anonymous>\":function(module,exports,require,__dirname,__filename,jest){import React from \"react\";\n                                                                                      ^^^^^^\n\n    SyntaxError: Cannot use import statement outside a module\n\n      at Runtime.createScriptFromCode (node_modules/jest-runtime/build/index.js:1505:14)\n","name":"/home/chris/dev/dev-cloud-sync/apps/rclone-webui/src/views/RemoteManagement/ShowConfig/ShowConfig.test.js","startTime":1768280633563,"status":"failed","summary":""},{"assertionResults":[],"coverage":{},"endTime":1768280633563,"message":"  ● Test suite failed to run\n\n    Jest encountered an unexpected token\n\n    Jest failed to parse a file. This happens e.g. when your code or its dependencies use non-standard JavaScript syntax, or when Jest is not configured to support such syntax.\n\n    Out of the box Jest supports Babel, which will be used to transform your files into valid JS based on your Babel configuration.\n\n    By default \"node_modules\" folder is ignored by transformers.\n\n    Here's what you can do:\n     • If you are trying to use ECMAScript Modules, see https://jestjs.io/docs/ecmascript-modules for how to enable it.\n     • If you are trying to use TypeScript, see https://jestjs.io/docs/getting-started#using-typescript\n     • To have some of your \"node_modules\" files transformed, you can specify a custom \"transformIgnorePatterns\" in your config.\n     • If you need a custom transformation specify a \"transform\" option in your config.\n     • If you simply want to mock your non-JS modules (e.g. binary assets) you can stub them out with the \"moduleNameMapper\" config option.\n\n    You'll find more details and examples of these config options in the docs:\n    https://jestjs.io/docs/configuration\n    For information about custom transformations, see:\n    https://jestjs.io/docs/code-transformation\n\n    Details:\n\n    /home/chris/dev/dev-cloud-sync/apps/rclone-webui/src/views/Base/FileOperations/FileOperations.test.js:1\n    ({\"Object.<anonymous>\":function(module,exports,require,__dirname,__filename,jest){import React from \"react\";\n                                                                                      ^^^^^^\n\n    SyntaxError: Cannot use import statement outside a module\n\n      at Runtime.createScriptFromCode (node_modules/jest-runtime/build/index.js:1505:14)\n","name":"/home/chris/dev/dev-cloud-sync/apps/rclone-webui/src/views/Base/FileOperations/FileOperations.test.js","startTime":1768280633563,"status":"failed","summary":""},{"assertionResults":[],"coverage":{},"endTime":1768280633563,"message":"  ● Test suite failed to run\n\n    Jest encountered an unexpected token\n\n    Jest failed to parse a file. This happens e.g. when your code or its dependencies use non-standard JavaScript syntax, or when Jest is not configured to support such syntax.\n\n    Out of the box Jest supports Babel, which will be used to transform your files into valid JS based on your Babel configuration.\n\n    By default \"node_modules\" folder is ignored by transformers.\n\n    Here's what you can do:\n     • If you are trying to use ECMAScript Modules, see https://jestjs.io/docs/ecmascript-modules for how to enable it.\n     • If you are trying to use TypeScript, see https://jestjs.io/docs/getting-started#using-typescript\n     • To have some of your \"node_modules\" files transformed, you can specify a custom \"transformIgnorePatterns\" in your config.\n     • If you need a custom transformation specify a \"transform\" option in your config.\n     • If you simply want to mock your non-JS modules (e.g. binary assets) you can stub them out with the \"moduleNameMapper\" config option.\n\n    You'll find more details and examples of these config options in the docs:\n    https://jestjs.io/docs/configuration\n    For information about custom transformations, see:\n    https://jestjs.io/docs/code-transformation\n\n    Details:\n\n    /home/chris/dev/dev-cloud-sync/apps/rclone-webui/src/views/Base/MediaWidget/MediaWidget.test.js:1\n    ({\"Object.<anonymous>\":function(module,exports,require,__dirname,__filename,jest){import React from \"react\";\n                                                                                      ^^^^^^\n\n    SyntaxError: Cannot use import statement outside a module\n\n      at Runtime.createScriptFromCode (node_modules/jest-runtime/build/index.js:1505:14)\n","name":"/home/chris/dev/dev-cloud-sync/apps/rclone-webui/src/views/Base/MediaWidget/MediaWidget.test.js","startTime":1768280633563,"status":"failed","summary":""},{"assertionResults":[],"coverage":{},"endTime":1768280633563,"message":"  ● Test suite failed to run\n\n    Jest encountered an unexpected token\n\n    Jest failed to parse a file. This happens e.g. when your code or its dependencies use non-standard JavaScript syntax, or when Jest is not configured to support such syntax.\n\n    Out of the box Jest supports Babel, which will be used to transform your files into valid JS based on your Babel configuration.\n\n    By default \"node_modules\" folder is ignored by transformers.\n\n    Here's what you can do:\n     • If you are trying to use ECMAScript Modules, see https://jestjs.io/docs/ecmascript-modules for how to enable it.\n     • If you are trying to use TypeScript, see https://jestjs.io/docs/getting-started#using-typescript\n     • To have some of your \"node_modules\" files transformed, you can specify a custom \"transformIgnorePatterns\" in your config.\n     • If you need a custom transformation specify a \"transform\" option in your config.\n     • If you simply want to mock your non-JS modules (e.g. binary assets) you can stub them out with the \"moduleNameMapper\" config option.\n\n    You'll find more details and examples of these config options in the docs:\n    https://jestjs.io/docs/configuration\n    For information about custom transformations, see:\n    https://jestjs.io/docs/code-transformation\n\n    Details:\n\n    /home/chris/dev/dev-cloud-sync/apps/rclone-webui/src/views/Explorer/FilesView/FileIcon.test.js:1\n    ({\"Object.<anonymous>\":function(module,exports,require,__dirname,__filename,jest){import React from \"react\";\n                                                                                      ^^^^^^\n\n    SyntaxError: Cannot use import statement outside a module\n\n      at Runtime.createScriptFromCode (node_modules/jest-runtime/build/index.js:1505:14)\n","name":"/home/chris/dev/dev-cloud-sync/apps/rclone-webui/src/views/Explorer/FilesView/FileIcon.test.js","startTime":1768280633563,"status":"failed","summary":""},{"assertionResults":[],"coverage":{},"endTime":1768280633563,"message":"  ● Test suite failed to run\n\n    Jest encountered an unexpected token\n\n    Jest failed to parse a file. This happens e.g. when your code or its dependencies use non-standard JavaScript syntax, or when Jest is not configured to support such syntax.\n\n    Out of the box Jest supports Babel, which will be used to transform your files into valid JS based on your Babel configuration.\n\n    By default \"node_modules\" folder is ignored by transformers.\n\n    Here's what you can do:\n     • If you are trying to use ECMAScript Modules, see https://jestjs.io/docs/ecmascript-modules for how to enable it.\n     • If you are trying to use TypeScript, see https://jestjs.io/docs/getting-started#using-typescript\n     • To have some of your \"node_modules\" files transformed, you can specify a custom \"transformIgnorePatterns\" in your config.\n     • If you need a custom transformation specify a \"transform\" option in your config.\n     • If you simply want to mock your non-JS modules (e.g. binary assets) you can stub them out with the \"moduleNameMapper\" config option.\n\n    You'll find more details and examples of these config options in the docs:\n    https://jestjs.io/docs/configuration\n    For information about custom transformations, see:\n    https://jestjs.io/docs/code-transformation\n\n    Details:\n\n    /home/chris/dev/dev-cloud-sync/apps/rclone-webui/src/views/Base/LinkShareModal/LinkShareModal.test.js:1\n    ({\"Object.<anonymous>\":function(module,exports,require,__dirname,__filename,jest){import React from \"react\";\n                                                                                      ^^^^^^\n\n    SyntaxError: Cannot use import statement outside a module\n\n      at Runtime.createScriptFromCode (node_modules/jest-runtime/build/index.js:1505:14)\n","name":"/home/chris/dev/dev-cloud-sync/apps/rclone-webui/src/views/Base/LinkShareModal/LinkShareModal.test.js","startTime":1768280633563,"status":"failed","summary":""},{"assertionResults":[],"coverage":{},"endTime":1768280633563,"message":"  ● Test suite failed to run\n\n    Jest encountered an unexpected token\n\n    Jest failed to parse a file. This happens e.g. when your code or its dependencies use non-standard JavaScript syntax, or when Jest is not configured to support such syntax.\n\n    Out of the box Jest supports Babel, which will be used to transform your files into valid JS based on your Babel configuration.\n\n    By default \"node_modules\" folder is ignored by transformers.\n\n    Here's what you can do:\n     • If you are trying to use ECMAScript Modules, see https://jestjs.io/docs/ecmascript-modules for how to enable it.\n     • If you are trying to use TypeScript, see https://jestjs.io/docs/getting-started#using-typescript\n     • To have some of your \"node_modules\" files transformed, you can specify a custom \"transformIgnorePatterns\" in your config.\n     • If you need a custom transformation specify a \"transform\" option in your config.\n     • If you simply want to mock your non-JS modules (e.g. binary assets) you can stub them out with the \"moduleNameMapper\" config option.\n\n    You'll find more details and examples of these config options in the docs:\n    https://jestjs.io/docs/configuration\n    For information about custom transformations, see:\n    https://jestjs.io/docs/code-transformation\n\n    Details:\n\n    /home/chris/dev/dev-cloud-sync/apps/rclone-webui/src/views/Base/RunningJobs/RunningJobs.test.js:1\n    ({\"Object.<anonymous>\":function(module,exports,require,__dirname,__filename,jest){import React from \"react\";\n                                                                                      ^^^^^^\n\n    SyntaxError: Cannot use import statement outside a module\n\n      at Runtime.createScriptFromCode (node_modules/jest-runtime/build/index.js:1505:14)\n","name":"/home/chris/dev/dev-cloud-sync/apps/rclone-webui/src/views/Base/RunningJobs/RunningJobs.test.js","startTime":1768280633563,"status":"failed","summary":""},{"assertionResults":[],"coverage":{},"endTime":1768280633563,"message":"  ● Test suite failed to run\n\n    Jest encountered an unexpected token\n\n    Jest failed to parse a file. This happens e.g. when your code or its dependencies use non-standard JavaScript syntax, or when Jest is not configured to support such syntax.\n\n    Out of the box Jest supports Babel, which will be used to transform your files into valid JS based on your Babel configuration.\n\n    By default \"node_modules\" folder is ignored by transformers.\n\n    Here's what you can do:\n     • If you are trying to use ECMAScript Modules, see https://jestjs.io/docs/ecmascript-modules for how to enable it.\n     • If you are trying to use TypeScript, see https://jestjs.io/docs/getting-started#using-typescript\n     • To have some of your \"node_modules\" files transformed, you can specify a custom \"transformIgnorePatterns\" in your config.\n     • If you need a custom transformation specify a \"transform\" option in your config.\n     • If you simply want to mock your non-JS modules (e.g. binary assets) you can stub them out with the \"moduleNameMapper\" config option.\n\n    You'll find more details and examples of these config options in the docs:\n    https://jestjs.io/docs/configuration\n    For information about custom transformations, see:\n    https://jestjs.io/docs/code-transformation\n\n    Details:\n\n    /home/chris/dev/dev-cloud-sync/apps/rclone-webui/src/views/Base/Widgets/VideoPlayer/VideoPlayer.test.js:1\n    ({\"Object.<anonymous>\":function(module,exports,require,__dirname,__filename,jest){import React from \"react\";\n                                                                                      ^^^^^^\n\n    SyntaxError: Cannot use import statement outside a module\n\n      at Runtime.createScriptFromCode (node_modules/jest-runtime/build/index.js:1505:14)\n","name":"/home/chris/dev/dev-cloud-sync/apps/rclone-webui/src/views/Base/Widgets/VideoPlayer/VideoPlayer.test.js","startTime":1768280633563,"status":"failed","summary":""},{"assertionResults":[],"coverage":{},"endTime":1768280633563,"message":"  ● Test suite failed to run\n\n    Jest encountered an unexpected token\n\n    Jest failed to parse a file. This happens e.g. when your code or its dependencies use non-standard JavaScript syntax, or when Jest is not configured to support such syntax.\n\n    Out of the box Jest supports Babel, which will be used to transform your files into valid JS based on your Babel configuration.\n\n    By default \"node_modules\" folder is ignored by transformers.\n\n    Here's what you can do:\n     • If you are trying to use ECMAScript Modules, see https://jestjs.io/docs/ecmascript-modules for how to enable it.\n     • If you are trying to use TypeScript, see https://jestjs.io/docs/getting-started#using-typescript\n     • To have some of your \"node_modules\" files transformed, you can specify a custom \"transformIgnorePatterns\" in your config.\n     • If you need a custom transformation specify a \"transform\" option in your config.\n     • If you simply want to mock your non-JS modules (e.g. binary assets) you can stub them out with the \"moduleNameMapper\" config option.\n\n    You'll find more details and examples of these config options in the docs:\n    https://jestjs.io/docs/configuration\n    For information about custom transformations, see:\n    https://jestjs.io/docs/code-transformation\n\n    Details:\n\n    /home/chris/dev/dev-cloud-sync/apps/rclone-webui/src/views/Home/Home.test.js:1\n    ({\"Object.<anonymous>\":function(module,exports,require,__dirname,__filename,jest){import React from \"react\";\n                                                                                      ^^^^^^\n\n    SyntaxError: Cannot use import statement outside a module\n\n      at Runtime.createScriptFromCode (node_modules/jest-runtime/build/index.js:1505:14)\n","name":"/home/chris/dev/dev-cloud-sync/apps/rclone-webui/src/views/Home/Home.test.js","startTime":1768280633563,"status":"failed","summary":""},{"assertionResults":[],"coverage":{},"endTime":1768280633563,"message":"  ● Test suite failed to run\n\n    Jest encountered an unexpected token\n\n    Jest failed to parse a file. This happens e.g. when your code or its dependencies use non-standard JavaScript syntax, or when Jest is not configured to support such syntax.\n\n    Out of the box Jest supports Babel, which will be used to transform your files into valid JS based on your Babel configuration.\n\n    By default \"node_modules\" folder is ignored by transformers.\n\n    Here's what you can do:\n     • If you are trying to use ECMAScript Modules, see https://jestjs.io/docs/ecmascript-modules for how to enable it.\n     • If you are trying to use TypeScript, see https://jestjs.io/docs/getting-started#using-typescript\n     • To have some of your \"node_modules\" files transformed, you can specify a custom \"transformIgnorePatterns\" in your config.\n     • If you need a custom transformation specify a \"transform\" option in your config.\n     • If you simply want to mock your non-JS modules (e.g. binary assets) you can stub them out with the \"moduleNameMapper\" config option.\n\n    You'll find more details and examples of these config options in the docs:\n    https://jestjs.io/docs/configuration\n    For information about custom transformations, see:\n    https://jestjs.io/docs/code-transformation\n\n    Details:\n\n    /home/chris/dev/dev-cloud-sync/apps/rclone-webui/src/views/Base/Widgets/AudioPlayer/AudioPlayer.test.js:1\n    ({\"Object.<anonymous>\":function(module,exports,require,__dirname,__filename,jest){import React from \"react\";\n                                                                                      ^^^^^^\n\n    SyntaxError: Cannot use import statement outside a module\n\n      at Runtime.createScriptFromCode (node_modules/jest-runtime/build/index.js:1505:14)\n","name":"/home/chris/dev/dev-cloud-sync/apps/rclone-webui/src/views/Base/Widgets/AudioPlayer/AudioPlayer.test.js","startTime":1768280633563,"status":"failed","summary":""},{"assertionResults":[],"coverage":{},"endTime":1768280633563,"message":"  ● Test suite failed to run\n\n    Jest encountered an unexpected token\n\n    Jest failed to parse a file. This happens e.g. when your code or its dependencies use non-standard JavaScript syntax, or when Jest is not configured to support such syntax.\n\n    Out of the box Jest supports Babel, which will be used to transform your files into valid JS based on your Babel configuration.\n\n    By default \"node_modules\" folder is ignored by transformers.\n\n    Here's what you can do:\n     • If you are trying to use ECMAScript Modules, see https://jestjs.io/docs/ecmascript-modules for how to enable it.\n     • If you are trying to use TypeScript, see https://jestjs.io/docs/getting-started#using-typescript\n     • To have some of your \"node_modules\" files transformed, you can specify a custom \"transformIgnorePatterns\" in your config.\n     • If you need a custom transformation specify a \"transform\" option in your config.\n     • If you simply want to mock your non-JS modules (e.g. binary assets) you can stub them out with the \"moduleNameMapper\" config option.\n\n    You'll find more details and examples of these config options in the docs:\n    https://jestjs.io/docs/configuration\n    For information about custom transformations, see:\n    https://jestjs.io/docs/code-transformation\n\n    Details:\n\n    /home/chris/dev/dev-cloud-sync/apps/rclone-webui/src/reducers/userActionsReducer.test.js:1\n    ({\"Object.<anonymous>\":function(module,exports,require,__dirname,__filename,jest){import userActionsReducer from \"./userActionsReducer\";\n                                                                                      ^^^^^^\n\n    SyntaxError: Cannot use import statement outside a module\n\n      at Runtime.createScriptFromCode (node_modules/jest-runtime/build/index.js:1505:14)\n","name":"/home/chris/dev/dev-cloud-sync/apps/rclone-webui/src/reducers/userActionsReducer.test.js","startTime":1768280633563,"status":"failed","summary":""},{"assertionResults":[],"coverage":{},"endTime":1768280633563,"message":"  ● Test suite failed to run\n\n    Jest encountered an unexpected token\n\n    Jest failed to parse a file. This happens e.g. when your code or its dependencies use non-standard JavaScript syntax, or when Jest is not configured to support such syntax.\n\n    Out of the box Jest supports Babel, which will be used to transform your files into valid JS based on your Babel configuration.\n\n    By default \"node_modules\" folder is ignored by transformers.\n\n    Here's what you can do:\n     • If you are trying to use ECMAScript Modules, see https://jestjs.io/docs/ecmascript-modules for how to enable it.\n     • If you are trying to use TypeScript, see https://jestjs.io/docs/getting-started#using-typescript\n     • To have some of your \"node_modules\" files transformed, you can specify a custom \"transformIgnorePatterns\" in your config.\n     • If you need a custom transformation specify a \"transform\" option in your config.\n     • If you simply want to mock your non-JS modules (e.g. binary assets) you can stub them out with the \"moduleNameMapper\" config option.\n\n    You'll find more details and examples of these config options in the docs:\n    https://jestjs.io/docs/configuration\n    For information about custom transformations, see:\n    https://jestjs.io/docs/code-transformation\n\n    Details:\n\n    /home/chris/dev/dev-cloud-sync/apps/rclone-webui/src/views/Explorer/RemotesList/RemotesList.test.js:1\n    ({\"Object.<anonymous>\":function(module,exports,require,__dirname,__filename,jest){import React from 'react';\n                                                                                      ^^^^^^\n\n    SyntaxError: Cannot use import statement outside a module\n\n      at Runtime.createScriptFromCode (node_modules/jest-runtime/build/index.js:1505:14)\n","name":"/home/chris/dev/dev-cloud-sync/apps/rclone-webui/src/views/Explorer/RemotesList/RemotesList.test.js","startTime":1768280633563,"status":"failed","summary":""},{"assertionResults":[],"coverage":{},"endTime":1768280633563,"message":"  ● Test suite failed to run\n\n    Jest encountered an unexpected token\n\n    Jest failed to parse a file. This happens e.g. when your code or its dependencies use non-standard JavaScript syntax, or when Jest is not configured to support such syntax.\n\n    Out of the box Jest supports Babel, which will be used to transform your files into valid JS based on your Babel configuration.\n\n    By default \"node_modules\" folder is ignored by transformers.\n\n    Here's what you can do:\n     • If you are trying to use ECMAScript Modules, see https://jestjs.io/docs/ecmascript-modules for how to enable it.\n     • If you are trying to use TypeScript, see https://jestjs.io/docs/getting-started#using-typescript\n     • To have some of your \"node_modules\" files transformed, you can specify a custom \"transformIgnorePatterns\" in your config.\n     • If you need a custom transformation specify a \"transform\" option in your config.\n     • If you simply want to mock your non-JS modules (e.g. binary assets) you can stub them out with the \"moduleNameMapper\" config option.\n\n    You'll find more details and examples of these config options in the docs:\n    https://jestjs.io/docs/configuration\n    For information about custom transformations, see:\n    https://jestjs.io/docs/code-transformation\n\n    Details:\n\n    /home/chris/dev/dev-cloud-sync/apps/rclone-webui/src/containers/DefaultLayout/__tests__/DefaultLayout.test.js:1\n    ({\"Object.<anonymous>\":function(module,exports,require,__dirname,__filename,jest){import React from 'react';\n                                                                                      ^^^^^^\n\n    SyntaxError: Cannot use import statement outside a module\n\n      at Runtime.createScriptFromCode (node_modules/jest-runtime/build/index.js:1505:14)\n","name":"/home/chris/dev/dev-cloud-sync/apps/rclone-webui/src/containers/DefaultLayout/__tests__/DefaultLayout.test.js","startTime":1768280633563,"status":"failed","summary":""},{"assertionResults":[],"coverage":{},"endTime":1768280633563,"message":"  ● Test suite failed to run\n\n    Jest encountered an unexpected token\n\n    Jest failed to parse a file. This happens e.g. when your code or its dependencies use non-standard JavaScript syntax, or when Jest is not configured to support such syntax.\n\n    Out of the box Jest supports Babel, which will be used to transform your files into valid JS based on your Babel configuration.\n\n    By default \"node_modules\" folder is ignored by transformers.\n\n    Here's what you can do:\n     • If you are trying to use ECMAScript Modules, see https://jestjs.io/docs/ecmascript-modules for how to enable it.\n     • If you are trying to use TypeScript, see https://jestjs.io/docs/getting-started#using-typescript\n     • To have some of your \"node_modules\" files transformed, you can specify a custom \"transformIgnorePatterns\" in your config.\n     • If you need a custom transformation specify a \"transform\" option in your config.\n     • If you simply want to mock your non-JS modules (e.g. binary assets) you can stub them out with the \"moduleNameMapper\" config option.\n\n    You'll find more details and examples of these config options in the docs:\n    https://jestjs.io/docs/configuration\n    For information about custom transformations, see:\n    https://jestjs.io/docs/code-transformation\n\n    Details:\n\n    /home/chris/dev/dev-cloud-sync/apps/rclone-webui/src/views/Base/ScrollableDiv/ScrollableDiv.test.js:1\n    ({\"Object.<anonymous>\":function(module,exports,require,__dirname,__filename,jest){import React from \"react\";\n                                                                                      ^^^^^^\n\n    SyntaxError: Cannot use import statement outside a module\n\n      at Runtime.createScriptFromCode (node_modules/jest-runtime/build/index.js:1505:14)\n","name":"/home/chris/dev/dev-cloud-sync/apps/rclone-webui/src/views/Base/ScrollableDiv/ScrollableDiv.test.js","startTime":1768280633563,"status":"failed","summary":""},{"assertionResults":[],"coverage":{},"endTime":1768280633563,"message":"  ● Test suite failed to run\n\n    Jest encountered an unexpected token\n\n    Jest failed to parse a file. This happens e.g. when your code or its dependencies use non-standard JavaScript syntax, or when Jest is not configured to support such syntax.\n\n    Out of the box Jest supports Babel, which will be used to transform your files into valid JS based on your Babel configuration.\n\n    By default \"node_modules\" folder is ignored by transformers.\n\n    Here's what you can do:\n     • If you are trying to use ECMAScript Modules, see https://jestjs.io/docs/ecmascript-modules for how to enable it.\n     • If you are trying to use TypeScript, see https://jestjs.io/docs/getting-started#using-typescript\n     • To have some of your \"node_modules\" files transformed, you can specify a custom \"transformIgnorePatterns\" in your config.\n     • If you need a custom transformation specify a \"transform\" option in your config.\n     • If you simply want to mock your non-JS modules (e.g. binary assets) you can stub them out with the \"moduleNameMapper\" config option.\n\n    You'll find more details and examples of these config options in the docs:\n    https://jestjs.io/docs/configuration\n    For information about custom transformations, see:\n    https://jestjs.io/docs/code-transformation\n\n    Details:\n\n    /home/chris/dev/dev-cloud-sync/apps/rclone-webui/src/views/Base/NewDriveAuthModal/NewDriveAuthModal.test.js:1\n    ({\"Object.<anonymous>\":function(module,exports,require,__dirname,__filename,jest){import React from \"react\";\n                                                                                      ^^^^^^\n\n    SyntaxError: Cannot use import statement outside a module\n\n      at Runtime.createScriptFromCode (node_modules/jest-runtime/build/index.js:1505:14)\n","name":"/home/chris/dev/dev-cloud-sync/apps/rclone-webui/src/views/Base/NewDriveAuthModal/NewDriveAuthModal.test.js","startTime":1768280633563,"status":"failed","summary":""},{"assertionResults":[],"coverage":{},"endTime":1768280633563,"message":"  ● Test suite failed to run\n\n    Jest encountered an unexpected token\n\n    Jest failed to parse a file. This happens e.g. when your code or its dependencies use non-standard JavaScript syntax, or when Jest is not configured to support such syntax.\n\n    Out of the box Jest supports Babel, which will be used to transform your files into valid JS based on your Babel configuration.\n\n    By default \"node_modules\" folder is ignored by transformers.\n\n    Here's what you can do:\n     • If you are trying to use ECMAScript Modules, see https://jestjs.io/docs/ecmascript-modules for how to enable it.\n     • If you are trying to use TypeScript, see https://jestjs.io/docs/getting-started#using-typescript\n     • To have some of your \"node_modules\" files transformed, you can specify a custom \"transformIgnorePatterns\" in your config.\n     • If you need a custom transformation specify a \"transform\" option in your config.\n     • If you simply want to mock your non-JS modules (e.g. binary assets) you can stub them out with the \"moduleNameMapper\" config option.\n\n    You'll find more details and examples of these config options in the docs:\n    https://jestjs.io/docs/configuration\n    For information about custom transformations, see:\n    https://jestjs.io/docs/code-transformation\n\n    Details:\n\n    /home/chris/dev/dev-cloud-sync/apps/rclone-webui/src/views/MountDashboard/MountDashboard.test.js:1\n    ({\"Object.<anonymous>\":function(module,exports,require,__dirname,__filename,jest){import React from \"react\";\n                                                                                      ^^^^^^\n\n    SyntaxError: Cannot use import statement outside a module\n\n      at Runtime.crea
[...]
                                  ^^^^^^\n\n    SyntaxError: Cannot use import statement outside a module\n\n      at Runtime.createScriptFromCode (node_modules/jest-runtime/build/index.js:1505:14)\n","name":"/home/chris/dev/dev-cloud-sync/apps/rclone-webui/src/views/Base/BandwidthStatusCard/BandwidthStatusCard.test.js","startTime":1768280633563,"status":"failed","summary":""},{"assertionResults":[],"coverage":{},"endTime":1768280633563,"message":"  ● Test suite failed to run\n\n    Jest encountered an unexpected token\n\n    Jest failed to parse a file. This happens e.g. when your code or its dependencies use non-standard JavaScript syntax, or when Jest is not configured to support such syntax.\n\n    Out of the box Jest supports Babel, which will be used to transform your files into valid JS based on your Babel configuration.\n\n    By default \"node_modules\" folder is ignored by transformers.\n\n    Here's what you can do:\n     • If you are trying to use ECMAScript Modules, see https://jestjs.io/docs/ecmascript-modules for how to enable it.\n     • If you are trying to use TypeScript, see https://jestjs.io/docs/getting-started#using-typescript\n     • To have some of your \"node_modules\" files transformed, you can specify a custom \"transformIgnorePatterns\" in your config.\n     • If you need a custom transformation specify a \"transform\" option in your config.\n     • If you simply want to mock your non-JS modules (e.g. binary assets) you can stub them out with the \"moduleNameMapper\" config option.\n\n    You'll find more details and examples of these config options in the docs:\n    https://jestjs.io/docs/configuration\n    For information about custom transformations, see:\n    https://jestjs.io/docs/code-transformation\n\n    Details:\n\n    /home/chris/dev/dev-cloud-sync/apps/rclone-webui/src/reducers/providerStatusReducer.test.js:1\n    ({\"Object.<anonymous>\":function(module,exports,require,__dirname,__filename,jest){import providerStatusReducer from \"./providerStatusReducer\";\n                                                                                      ^^^^^^\n\n    SyntaxError: Cannot use import statement outside a module\n\n      at Runtime.createScriptFromCode (node_modules/jest-runtime/build/index.js:1505:14)\n","name":"/home/chris/dev/dev-cloud-sync/apps/rclone-webui/src/reducers/providerStatusReducer.test.js","startTime":1768280633563,"status":"failed","summary":""},{"assertionResults":[],"coverage":{},"endTime":1768280633563,"message":"  ● Test suite failed to run\n\n    Jest encountered an unexpected token\n\n    Jest failed to parse a file. This happens e.g. when your code or its dependencies use non-standard JavaScript syntax, or when Jest is not configured to support such syntax.\n\n    Out of the box Jest supports Babel, which will be used to transform your files into valid JS based on your Babel configuration.\n\n    By default \"node_modules\" folder is ignored by transformers.\n\n    Here's what you can do:\n     • If you are trying to use ECMAScript Modules, see https://jestjs.io/docs/ecmascript-modules for how to enable it.\n     • If you are trying to use TypeScript, see https://jestjs.io/docs/getting-started#using-typescript\n     • To have some of your \"node_modules\" files transformed, you can specify a custom \"transformIgnorePatterns\" in your config.\n     • If you need a custom transformation specify a \"transform\" option in your config.\n     • If you simply want to mock your non-JS modules (e.g. binary assets) you can stub them out with the \"moduleNameMapper\" config option.\n\n    You'll find more details and examples of these config options in the docs:\n    https://jestjs.io/docs/configuration\n    For information about custom transformations, see:\n    https://jestjs.io/docs/code-transformation\n\n    Details:\n\n    /home/chris/dev/dev-cloud-sync/apps/rclone-webui/src/views/Pages/Page404/Page404.test.js:1\n    ({\"Object.<anonymous>\":function(module,exports,require,__dirname,__filename,jest){import React from 'react';\n                                                                                      ^^^^^^\n\n    SyntaxError: Cannot use import statement outside a module\n\n      at Runtime.createScriptFromCode (node_modules/jest-runtime/build/index.js:1505:14)\n","name":"/home/chris/dev/dev-cloud-sync/apps/rclone-webui/src/views/Pages/Page404/Page404.test.js","startTime":1768280633563,"status":"failed","summary":""},{"assertionResults":[],"coverage":{},"endTime":1768280633563,"message":"  ● Test suite failed to run\n\n    Jest encountered an unexpected token\n\n    Jest failed to parse a file. This happens e.g. when your code or its dependencies use non-standard JavaScript syntax, or when Jest is not configured to support such syntax.\n\n    Out of the box Jest supports Babel, which will be used to transform your files into valid JS based on your Babel configuration.\n\n    By default \"node_modules\" folder is ignored by transformers.\n\n    Here's what you can do:\n     • If you are trying to use ECMAScript Modules, see https://jestjs.io/docs/ecmascript-modules for how to enable it.\n     • If you are trying to use TypeScript, see https://jestjs.io/docs/getting-started#using-typescript\n     • To have some of your \"node_modules\" files transformed, you can specify a custom \"transformIgnorePatterns\" in your config.\n     • If you need a custom transformation specify a \"transform\" option in your config.\n     • If you simply want to mock your non-JS modules (e.g. binary assets) you can stub them out with the \"moduleNameMapper\" config option.\n\n    You'll find more details and examples of these config options in the docs:\n    https://jestjs.io/docs/configuration\n    For information about custom transformations, see:\n    https://jestjs.io/docs/code-transformation\n\n    Details:\n\n    /home/chris/dev/dev-cloud-sync/apps/rclone-webui/src/views/Pages/Register/Register.test.js:1\n    ({\"Object.<anonymous>\":function(module,exports,require,__dirname,__filename,jest){import React from 'react';\n                                                                                      ^^^^^^\n\n    SyntaxError: Cannot use import statement outside a module\n\n      at Runtime.createScriptFromCode (node_modules/jest-runtime/build/index.js:1505:14)\n","name":"/home/chris/dev/dev-cloud-sync/apps/rclone-webui/src/views/Pages/Register/Register.test.js","startTime":1768280633563,"status":"failed","summary":""},{"assertionResults":[],"coverage":{},"endTime":1768280633563,"message":"  ● Test suite failed to run\n\n    Jest encountered an unexpected token\n\n    Jest failed to parse a file. This happens e.g. when your code or its dependencies use non-standard JavaScript syntax, or when Jest is not configured to support such syntax.\n\n    Out of the box Jest supports Babel, which will be used to transform your files into valid JS based on your Babel configuration.\n\n    By default \"node_modules\" folder is ignored by transformers.\n\n    Here's what you can do:\n     • If you are trying to use ECMAScript Modules, see https://jestjs.io/docs/ecmascript-modules for how to enable it.\n     • If you are trying to use TypeScript, see https://jestjs.io/docs/getting-started#using-typescript\n     • To have some of your \"node_modules\" files transformed, you can specify a custom \"transformIgnorePatterns\" in your config.\n     • If you need a custom transformation specify a \"transform\" option in your config.\n     • If you simply want to mock your non-JS modules (e.g. binary assets) you can stub them out with the \"moduleNameMapper\" config option.\n\n    You'll find more details and examples of these config options in the docs:\n    https://jestjs.io/docs/configuration\n    For information about custom transformations, see:\n    https://jestjs.io/docs/code-transformation\n\n    Details:\n\n    /home/chris/dev/dev-cloud-sync/apps/rclone-webui/src/containers/DefaultLayout/__tests__/DefaultFooter.test.js:1\n    ({\"Object.<anonymous>\":function(module,exports,require,__dirname,__filename,jest){import React from 'react';\n                                                                                      ^^^^^^\n\n    SyntaxError: Cannot use import statement outside a module\n\n      at Runtime.createScriptFromCode (node_modules/jest-runtime/build/index.js:1505:14)\n","name":"/home/chris/dev/dev-cloud-sync/apps/rclone-webui/src/containers/DefaultLayout/__tests__/DefaultFooter.test.js","startTime":1768280633563,"status":"failed","summary":""},{"assertionResults":[],"coverage":{},"endTime":1768280633563,"message":"  ● Test suite failed to run\n\n    Jest encountered an unexpected token\n\n    Jest failed to parse a file. This happens e.g. when your code or its dependencies use non-standard JavaScript syntax, or when Jest is not configured to support such syntax.\n\n    Out of the box Jest supports Babel, which will be used to transform your files into valid JS based on your Babel configuration.\n\n    By default \"node_modules\" folder is ignored by transformers.\n\n    Here's what you can do:\n     • If you are trying to use ECMAScript Modules, see https://jestjs.io/docs/ecmascript-modules for how to enable it.\n     • If you are trying to use TypeScript, see https://jestjs.io/docs/getting-started#using-typescript\n     • To have some of your \"node_modules\" files transformed, you can specify a custom \"transformIgnorePatterns\" in your config.\n     • If you need a custom transformation specify a \"transform\" option in your config.\n     • If you simply want to mock your non-JS modules (e.g. binary assets) you can stub them out with the \"moduleNameMapper\" config option.\n\n    You'll find more details and examples of these config options in the docs:\n    https://jestjs.io/docs/configuration\n    For information about custom transformations, see:\n    https://jestjs.io/docs/code-transformation\n\n    Details:\n\n    /home/chris/dev/dev-cloud-sync/apps/rclone-webui/src/reducers/imagesReducer.test.js:1\n    ({\"Object.<anonymous>\":function(module,exports,require,__dirname,__filename,jest){import imagesReducer from \"./imagesReducer\";\n                                                                                      ^^^^^^\n\n    SyntaxError: Cannot use import statement outside a module\n\n      at Runtime.createScriptFromCode (node_modules/jest-runtime/build/index.js:1505:14)\n","name":"/home/chris/dev/dev-cloud-sync/apps/rclone-webui/src/reducers/imagesReducer.test.js","startTime":1768280633563,"status":"failed","summary":""},{"assertionResults":[],"coverage":{},"endTime":1768280633563,"message":"  ● Test suite failed to run\n\n    Jest encountered an unexpected token\n\n    Jest failed to parse a file. This happens e.g. when your code or its dependencies use non-standard JavaScript syntax, or when Jest is not configured to support such syntax.\n\n    Out of the box Jest supports Babel, which will be used to transform your files into valid JS based on your Babel configuration.\n\n    By default \"node_modules\" folder is ignored by transformers.\n\n    Here's what you can do:\n     • If you are trying to use ECMAScript Modules, see https://jestjs.io/docs/ecmascript-modules for how to enable it.\n     • If you are trying to use TypeScript, see https://jestjs.io/docs/getting-started#using-typescript\n     • To have some of your \"node_modules\" files transformed, you can specify a custom \"transformIgnorePatterns\" in your config.\n     • If you need a custom transformation specify a \"transform\" option in your config.\n     • If you simply want to mock your non-JS modules (e.g. binary assets) you can stub them out with the \"moduleNameMapper\" config option.\n\n    You'll find more details and examples of these config options in the docs:\n    https://jestjs.io/docs/configuration\n    For information about custom transformations, see:\n    https://jestjs.io/docs/code-transformation\n\n    Details:\n\n    /home/chris/dev/dev-cloud-sync/apps/rclone-webui/src/views/Pages/Page500/Page500.test.js:1\n    ({\"Object.<anonymous>\":function(module,exports,require,__dirname,__filename,jest){import React from 'react';\n                                                                                      ^^^^^^\n\n    SyntaxError: Cannot use import statement outside a module\n\n      at Runtime.createScriptFromCode (node_modules/jest-runtime/build/index.js:1505:14)\n","name":"/home/chris/dev/dev-cloud-sync/apps/rclone-webui/src/views/Pages/Page500/Page500.test.js","startTime":1768280633563,"status":"failed","summary":""},{"assertionResults":[],"coverage":{},"endTime":1768280633563,"message":"  ● Test suite failed to run\n\n    Jest encountered an unexpected token\n\n    Jest failed to parse a file. This happens e.g. when your code or its dependencies use non-standard JavaScript syntax, or when Jest is not configured to support such syntax.\n\n    Out of the box Jest supports Babel, which will be used to transform your files into valid JS based on your Babel configuration.\n\n    By default \"node_modules\" folder is ignored by transformers.\n\n    Here's what you can do:\n     • If you are trying to use ECMAScript Modules, see https://jestjs.io/docs/ecmascript-modules for how to enable it.\n     • If you are trying to use TypeScript, see https://jestjs.io/docs/getting-started#using-typescript\n     • To have some of your \"node_modules\" files transformed, you can specify a custom \"transformIgnorePatterns\" in your config.\n     • If you need a custom transformation specify a \"transform\" option in your config.\n     • If you simply want to mock your non-JS modules (e.g. binary assets) you can stub them out with the \"moduleNameMapper\" config option.\n\n    You'll find more details and examples of these config options in the docs:\n    https://jestjs.io/docs/configuration\n    For information about custom transformations, see:\n    https://jestjs.io/docs/code-transformation\n\n    Details:\n\n    /home/chris/dev/dev-cloud-sync/apps/rclone-webui/src/containers/DefaultLayout/__tests__/DefaultAside.test.js:1\n    ({\"Object.<anonymous>\":function(module,exports,require,__dirname,__filename,jest){import React from 'react';\n                                                                                      ^^^^^^\n\n    SyntaxError: Cannot use import statement outside a module\n\n      at Runtime.createScriptFromCode (node_modules/jest-runtime/build/index.js:1505:14)\n","name":"/home/chris/dev/dev-cloud-sync/apps/rclone-webui/src/containers/DefaultLayout/__tests__/DefaultAside.test.js","startTime":1768280633563,"status":"failed","summary":""},{"assertionResults":[],"coverage":{},"endTime":1768280633563,"message":"  ● Test suite failed to run\n\n    Jest encountered an unexpected token\n\n    Jest failed to parse a file. This happens e.g. when your code or its dependencies use non-standard JavaScript syntax, or when Jest is not configured to support such syntax.\n\n    Out of the box Jest supports Babel, which will be used to transform your files into valid JS based on your Babel configuration.\n\n    By default \"node_modules\" folder is ignored by transformers.\n\n    Here's what you can do:\n     • If you are trying to use ECMAScript Modules, see https://jestjs.io/docs/ecmascript-modules for how to enable it.\n     • If you are trying to use TypeScript, see https://jestjs.io/docs/getting-started#using-typescript\n     • To have some of your \"node_modules\" files transformed, you can specify a custom \"transformIgnorePatterns\" in your config.\n     • If you need a custom transformation specify a \"transform\" option in your config.\n     • If you simply want to mock your non-JS modules (e.g. binary assets) you can stub them out with the \"moduleNameMapper\" config option.\n\n    You'll find more details and examples of these config options in the docs:\n    https://jestjs.io/docs/configuration\n    For information about custom transformations, see:\n    https://jestjs.io/docs/code-transformation\n\n    Details:\n\n    /home/chris/dev/dev-cloud-sync/apps/rclone-webui/src/reducers/remoteOpsReducer.test.js:1\n    ({\"Object.<anonymous>\":function(module,exports,require,__dirname,__filename,jest){import remoteOpsReducer from \"./remoteOpsReducer\";\n                                                                                      ^^^^^^\n\n    SyntaxError: Cannot use import statement outside a module\n\n      at Runtime.createScriptFromCode (node_modules/jest-runtime/build/index.js:1505:14)\n","name":"/home/chris/dev/dev-cloud-sync/apps/rclone-webui/src/reducers/remoteOpsReducer.test.js","startTime":1768280633563,"status":"failed","summary":""},{"assertionResults":[],"coverage":{},"endTime":1768280633563,"message":"  ● Test suite failed to run\n\n    Jest encountered an unexpected token\n\n    Jest failed to parse a file. This happens e.g. when your code or its dependencies use non-standard JavaScript syntax, or when Jest is not configured to support such syntax.\n\n    Out of the box Jest supports Babel, which will be used to transform your files into valid JS based on your Babel configuration.\n\n    By default \"node_modules\" folder is ignored by transformers.\n\n    Here's what you can do:\n     • If you are trying to use ECMAScript Modules, see https://jestjs.io/docs/ecmascript-modules for how to enable it.\n     • If you are trying to use TypeScript, see https://jestjs.io/docs/getting-started#using-typescript\n     • To have some of your \"node_modules\" files transformed, you can specify a custom \"transformIgnorePatterns\" in your config.\n     • If you need a custom transformation specify a \"transform\" option in your config.\n     • If you simply want to mock your non-JS modules (e.g. binary assets) you can stub them out with the \"moduleNameMapper\" config option.\n\n    You'll find more details and examples of these config options in the docs:\n    https://jestjs.io/docs/configuration\n    For information about custom transformations, see:\n    https://jestjs.io/docs/code-transformation\n\n    Details:\n\n    /home/chris/dev/dev-cloud-sync/apps/rclone-webui/src/utils/API/API.test.js:1\n    ({\"Object.<anonymous>\":function(module,exports,require,__dirname,__filename,jest){import React from \"react\";\n                                                                                      ^^^^^^\n\n    SyntaxError: Cannot use import statement outside a module\n\n      at Runtime.createScriptFromCode (node_modules/jest-runtime/build/index.js:1505:14)\n","name":"/home/chris/dev/dev-cloud-sync/apps/rclone-webui/src/utils/API/API.test.js","startTime":1768280633563,"status":"failed","summary":""},{"assertionResults":[{"ancestorTitles":["Rclone Dashboard"],"duration":28,"failureDetails":[],"failureMessages":[],"fullName":"Rclone Dashboard should render","invocations":1,"location":null,"numPassingAsserts":1,"retryReasons":[],"status":"passed","title":"should render"}],"endTime":1768280624658,"message":"","name":"/home/chris/dev/dev-cloud-sync/apps/rclone-webui/src/views/RCloneDashboard/RcloneDashboard.test.js","startTime":1768280624543,"status":"passed","summary":""},{"assertionResults":[{"ancestorTitles":["utils","formatDate"],"duration":24,"failureDetails":[],"failureMessages":[],"fullName":"utils formatDate should format a date to ISO string","invocations":1,"location":null,"numPassingAsserts":1,"retryReasons":[],"status":"passed","title":"should format a date to ISO string"},{"ancestorTitles":["utils","sleep"],"duration":102,"failureDetails":[],"failureMessages":[],"fullName":"utils sleep should wait for the specified time","invocations":1,"location":null,"numPassingAsserts":1,"retryReasons":[],"status":"passed","title":"should wait for the specified time"}],"endTime":1768280633307,"message":"","name":"/home/chris/dev/dev-cloud-sync/packages/shared/src/utils.test.ts","startTime":1768280624552,"status":"passed","summary":""}],"wasInterrupted":false}
